<?xml version="1.0" encoding="UTF-8"?>
<!-- Generated by org.testng.reporters.JUnitReportReporter -->
<testsuite hostname="LITU" name="com.pagelibrary.ranford.TestExecution" tests="8" failures="0" timestamp="17 Mar 2019 17:57:17 GMT" time="79.512" errors="0">
  <testcase name="verifybranchwrite" time="24.040" classname="com.pagelibrary.ranford.TestExecution"/>
  <testcase name="verifyemployeewrite" time="18.886" classname="com.pagelibrary.ranford.TestExecution"/>
  <testcase name="Branches_Verify" time="0.204" classname="com.pagelibrary.ranford.TestExecution"/>
  <testcase name="Login_Verify" time="6.078" classname="com.pagelibrary.ranford.TestExecution"/>
  <testcase name="Roles_Verify" time="2.767" classname="com.pagelibrary.ranford.TestExecution"/>
  <testcase name="Login_Verify" time="12.365" classname="com.pagelibrary.ranford.TestExecution"/>
  <testcase name="verifyroleswrite" time="12.895" classname="com.pagelibrary.ranford.TestExecution"/>
  <testcase name="Employee_Verify" time="2.277" classname="com.pagelibrary.ranford.TestExecution"/>
</testsuite> <!-- com.pagelibrary.ranford.TestExecution -->
